2022-09-14 09:46:31.755  INFO 10156 --- [restartedMain] com.poseidon.app.Application             : Starting Application on XPS17 with PID 10156 (C:\Users\verra\Desktop\poseidonAPI\target\classes started by verra in C:\Users\verra\Desktop\poseidonAPI)
2022-09-14 09:46:31.756  INFO 10156 --- [restartedMain] com.poseidon.app.Application             : No active profile set, falling back to default profiles: default
2022-09-14 09:46:32.933  INFO 10156 --- [restartedMain] o.s.b.w.embedded.tomcat.TomcatWebServer  : Tomcat initialized with port(s): 8089 (http)
2022-09-14 09:46:34.897  INFO 10156 --- [restartedMain] o.s.b.w.embedded.tomcat.TomcatWebServer  : Tomcat started on port(s): 8089 (http) with context path ''
2022-09-14 09:46:34.902  INFO 10156 --- [restartedMain] com.poseidon.app.Application             : Started Application in 3.358 seconds (JVM running for 3.859)
2022-09-14 09:46:42.706  INFO 10156 --- [http-nio-8089-exec-9] com.poseidon.app.services.BidService     : [BID SERVICE] Updated account 'Account Name' with id '1'
2022-09-14 10:17:29.869  INFO 9572 --- [restartedMain] com.poseidon.app.Application             : Starting Application on XPS17 with PID 9572 (C:\Users\verra\Desktop\poseidonAPI\target\classes started by verra in C:\Users\verra\Desktop\poseidonAPI)
2022-09-14 10:17:29.870  INFO 9572 --- [restartedMain] com.poseidon.app.Application             : No active profile set, falling back to default profiles: default
2022-09-14 10:17:31.066  INFO 9572 --- [restartedMain] o.s.b.w.embedded.tomcat.TomcatWebServer  : Tomcat initialized with port(s): 8080 (http)
2022-09-14 10:17:33.047  INFO 9572 --- [restartedMain] o.s.b.w.embedded.tomcat.TomcatWebServer  : Tomcat started on port(s): 8080 (http) with context path ''
2022-09-14 10:17:33.049  INFO 9572 --- [restartedMain] com.poseidon.app.Application             : Started Application in 3.383 seconds (JVM running for 3.898)
2022-09-14 21:45:52.828  INFO 17740 --- [main] c.p.app.controllers.BidControllerTests   : Starting BidControllerTests on XPS17 with PID 17740 (started by verra in C:\Users\verra\Desktop\poseidonAPI)
2022-09-14 21:45:52.830  INFO 17740 --- [main] c.p.app.controllers.BidControllerTests   : No active profile set, falling back to default profiles: default
2022-09-14 21:45:58.612  INFO 17740 --- [main] c.p.app.controllers.BidControllerTests   : Started BidControllerTests in 6.229 seconds (JVM running for 7.529)
2022-09-14 21:45:59.432  INFO 17740 --- [main] c.p.a.c.CurvePointControllerTests        : Starting CurvePointControllerTests on XPS17 with PID 17740 (started by verra in C:\Users\verra\Desktop\poseidonAPI)
2022-09-14 21:45:59.433  INFO 17740 --- [main] c.p.a.c.CurvePointControllerTests        : No active profile set, falling back to default profiles: default
2022-09-14 21:46:00.596  INFO 17740 --- [main] c.p.a.c.CurvePointControllerTests        : Started CurvePointControllerTests in 1.198 seconds (JVM running for 9.513)
2022-09-14 21:46:00.719  INFO 17740 --- [main] c.p.a.c.CustomErrorControllerTests       : Starting CustomErrorControllerTests on XPS17 with PID 17740 (started by verra in C:\Users\verra\Desktop\poseidonAPI)
2022-09-14 21:46:00.719  INFO 17740 --- [main] c.p.a.c.CustomErrorControllerTests       : No active profile set, falling back to default profiles: default
2022-09-14 21:46:01.797  INFO 17740 --- [main] c.p.a.c.CustomErrorControllerTests       : Started CustomErrorControllerTests in 1.094 seconds (JVM running for 10.716)
2022-09-14 21:46:01.851  INFO 17740 --- [main] c.p.a.controllers.RatingControllerTests  : Starting RatingControllerTests on XPS17 with PID 17740 (started by verra in C:\Users\verra\Desktop\poseidonAPI)
2022-09-14 21:46:01.851  INFO 17740 --- [main] c.p.a.controllers.RatingControllerTests  : No active profile set, falling back to default profiles: default
2022-09-14 21:46:02.876  INFO 17740 --- [main] c.p.a.controllers.RatingControllerTests  : Started RatingControllerTests in 1.041 seconds (JVM running for 11.794)
2022-09-14 21:46:02.997  INFO 17740 --- [main] c.p.app.controllers.RuleControllerTests  : Starting RuleControllerTests on XPS17 with PID 17740 (started by verra in C:\Users\verra\Desktop\poseidonAPI)
2022-09-14 21:46:02.998  INFO 17740 --- [main] c.p.app.controllers.RuleControllerTests  : No active profile set, falling back to default profiles: default
2022-09-14 21:46:03.923  INFO 17740 --- [main] c.p.app.controllers.RuleControllerTests  : Started RuleControllerTests in 0.942 seconds (JVM running for 12.841)
2022-09-14 21:46:04.032  INFO 17740 --- [main] c.p.a.controllers.TradeControllerTests   : Starting TradeControllerTests on XPS17 with PID 17740 (started by verra in C:\Users\verra\Desktop\poseidonAPI)
2022-09-14 21:46:04.033  INFO 17740 --- [main] c.p.a.controllers.TradeControllerTests   : No active profile set, falling back to default profiles: default
2022-09-14 21:46:04.924  INFO 17740 --- [main] c.p.a.controllers.TradeControllerTests   : Started TradeControllerTests in 0.908 seconds (JVM running for 13.842)
2022-09-14 21:46:05.064  INFO 17740 --- [main] c.p.app.controllers.UserControllerTests  : Starting UserControllerTests on XPS17 with PID 17740 (started by verra in C:\Users\verra\Desktop\poseidonAPI)
2022-09-14 21:46:05.064  INFO 17740 --- [main] c.p.app.controllers.UserControllerTests  : No active profile set, falling back to default profiles: default
2022-09-14 21:46:05.893  INFO 17740 --- [main] c.p.app.controllers.UserControllerTests  : Started UserControllerTests in 0.845 seconds (JVM running for 14.809)
2022-09-14 21:46:06.130  INFO 17740 --- [main] com.poseidon.app.services.BidService     : [BID SERVICE] Created new bid for account : 'First Account', quantity : '10.0'
2022-09-14 21:46:06.138  INFO 17740 --- [main] com.poseidon.app.services.BidService     : [BID SERVICE] Deleted bid with id '2'
2022-09-14 21:46:06.143  INFO 17740 --- [main] com.poseidon.app.services.BidService     : [BID SERVICE] Updated account 'First Account' with id '1'
2022-09-14 21:46:06.187  INFO 17740 --- [main] c.p.app.services.CurvePointService       : [CURVEPOINT SERVICE] Updated Curve Point '123' with term '15.0' and value '30.0'
2022-09-14 21:46:06.188  INFO 17740 --- [main] c.p.app.services.CurvePointService       : [CURVEPOINT SERVICE] Deleted Curve Point with id '2'
2022-09-14 21:46:06.189  INFO 17740 --- [main] c.p.app.services.CurvePointService       : [CURVEPOINT SERVICE] Created new Curve Point with id : '123', term : '15.0' and value : '30.0'
2022-09-14 21:46:06.223  INFO 17740 --- [main] com.poseidon.app.services.RatingService  : [RATING SERVICE] Deleted rating's id '2' for order number '20'
2022-09-14 21:46:06.225  INFO 17740 --- [main] com.poseidon.app.services.RatingService  : [RATING SERVICE] Updated rating's id '2' for order number '30'
2022-09-14 21:46:06.225  INFO 17740 --- [main] com.poseidon.app.services.RatingService  : [RATING SERVICE] Created a new rating with id 'null' for order number '10'
2022-09-14 21:46:06.257  INFO 17740 --- [main] com.poseidon.app.services.RuleService    : [RULE SERVICE] Created a new rule with id 'null' and name 'Name'
2022-09-14 21:46:06.259  INFO 17740 --- [main] com.poseidon.app.services.RuleService    : [RULE SERVICE] Deleted rule id '1'
2022-09-14 21:46:06.260  INFO 17740 --- [main] com.poseidon.app.services.RuleService    : [RULE SERVICE] Updated rule id '1' with name 'Name'
2022-09-14 21:46:06.291  INFO 17740 --- [main] com.poseidon.app.services.TradeService   : [TRADE SERVICE] Deleted trade id '2'
2022-09-14 21:46:06.292  INFO 17740 --- [main] com.poseidon.app.services.TradeService   : [TRADE SERVICE] Updated trade id '2'
2022-09-14 21:46:06.293  INFO 17740 --- [main] com.poseidon.app.services.TradeService   : [TRADE SERVICE] Created a new trade with id 'null'
2022-09-14 21:46:06.412  INFO 17740 --- [main] com.poseidon.app.services.UserService    : [USER SERVICE] New user with username : 'david.waters' and role 'ADMIN' has been created
2022-09-14 21:46:06.413  INFO 17740 --- [main] com.poseidon.app.services.UserService    : [USER SERVICE] Deleted user with username : 'david.waters'
2022-09-14 21:46:06.474  INFO 17740 --- [main] com.poseidon.app.services.UserService    : [USER SERVICE] Updated user with username : 'tom.powell'
